<?xml version="1.0" encoding="UTF-8" ?>
<testsuite failures="0" time="0.023" errors="0" skipped="0" tests="1" name="br.com.usicamp.nfe.webservice.AppTest">
  <properties>
    <property name="java.runtime.name" value="Java(TM) SE Runtime Environment"/>
    <property name="sun.boot.library.path" value="/System/Library/Java/JavaVirtualMachines/1.6.0.jdk/Contents/Libraries"/>
    <property name="java.vm.version" value="20.10-b01-428"/>
    <property name="awt.nativeDoubleBuffering" value="true"/>
    <property name="gopherProxySet" value="false"/>
    <property name="mrj.build" value="11M3811"/>
    <property name="java.vm.vendor" value="Apple Inc."/>
    <property name="java.vendor.url" value="http://www.apple.com/"/>
    <property name="path.separator" value=":"/>
    <property name="java.vm.name" value="Java HotSpot(TM) 64-Bit Server VM"/>
    <property name="file.encoding.pkg" value="sun.io"/>
    <property name="user.country" value="US"/>
    <property name="sun.java.launcher" value="SUN_STANDARD"/>
    <property name="sun.os.patch.level" value="unknown"/>
    <property name="java.vm.specification.name" value="Java Virtual Machine Specification"/>
    <property name="user.dir" value="/Users/oasiste/Documents/workspace/NFeWebService"/>
    <property name="java.runtime.version" value="1.6.0_35-b10-428-11M3811"/>
    <property name="java.awt.graphicsenv" value="apple.awt.CGraphicsEnvironment"/>
    <property name="basedir" value="/Users/oasiste/Documents/workspace/NFeWebService"/>
    <property name="java.endorsed.dirs" value="/System/Library/Java/JavaVirtualMachines/1.6.0.jdk/Contents/Home/lib/endorsed"/>
    <property name="os.arch" value="x86_64"/>
    <property name="surefire.real.class.path" value="/Users/oasiste/Documents/workspace/NFeWebService/target/surefire/surefirebooter7367107716105645571.jar"/>
    <property name="java.io.tmpdir" value="/var/folders/6j/m_zwcqyj02xdzksxp6x3kqhw0000gn/T/"/>
    <property name="line.separator" value="
"/>
    <property name="java.vm.specification.vendor" value="Sun Microsystems Inc."/>
    <property name="os.name" value="Mac OS X"/>
    <property name="sun.jnu.encoding" value="MacRoman"/>
    <property name="java.library.path" value=".:/Library/Java/Extensions:/System/Library/Java/Extensions:/usr/lib/java"/>
    <property name="surefire.test.class.path" value="/Users/oasiste/Documents/workspace/NFeWebService/target/test-classes:/Users/oasiste/Documents/workspace/NFeWebService/target/classes:/Users/oasiste/.m2/repository/javax/xml/jaxrpc-api/1.1/jaxrpc-api-1.1.jar:/Users/oasiste/.m2/repository/org/apache/xmlbeans/xmlbeans-xpath/2.3.0/xmlbeans-xpath-2.3.0.jar:/Users/oasiste/.m2/repository/org/apache/xmlbeans/xmlbeans/2.3.0/xmlbeans-2.3.0.jar:/Users/oasiste/.m2/repository/stax/stax-api/1.0.1/stax-api-1.0.1.jar:/Users/oasiste/.m2/repository/net/sf/jasperreports/jasperreports/4.5.1/jasperreports-4.5.1.jar:/Users/oasiste/.m2/repository/commons-beanutils/commons-beanutils/1.8.0/commons-beanutils-1.8.0.jar:/Users/oasiste/.m2/repository/commons-collections/commons-collections/2.1/commons-collections-2.1.jar:/Users/oasiste/.m2/repository/commons-digester/commons-digester/2.1/commons-digester-2.1.jar:/Users/oasiste/.m2/repository/commons-logging/commons-logging/1.1.1/commons-logging-1.1.1.jar:/Users/oasiste/.m2/repository/com/lowagie/itext/2.1.7/itext-2.1.7.jar:/Users/oasiste/.m2/repository/bouncycastle/bcmail-jdk14/138/bcmail-jdk14-138.jar:/Users/oasiste/.m2/repository/bouncycastle/bcprov-jdk14/138/bcprov-jdk14-138.jar:/Users/oasiste/.m2/repository/org/bouncycastle/bctsp-jdk14/1.38/bctsp-jdk14-1.38.jar:/Users/oasiste/.m2/repository/org/bouncycastle/bcprov-jdk14/1.38/bcprov-jdk14-1.38.jar:/Users/oasiste/.m2/repository/org/bouncycastle/bcmail-jdk14/1.38/bcmail-jdk14-1.38.jar:/Users/oasiste/.m2/repository/jfree/jcommon/1.0.15/jcommon-1.0.15.jar:/Users/oasiste/.m2/repository/jfree/jfreechart/1.0.12/jfreechart-1.0.12.jar:/Users/oasiste/.m2/repository/xml-apis/xml-apis/1.3.02/xml-apis-1.3.02.jar:/Users/oasiste/.m2/repository/eclipse/jdtcore/3.1.0/jdtcore-3.1.0.jar:/Users/oasiste/.m2/repository/org/codehaus/castor/castor/1.2/castor-1.2.jar:/Users/oasiste/.m2/repository/org/apache/poi/poi-ooxml/3.7/poi-ooxml-3.7.jar:/Users/oasiste/.m2/repository/org/apache/poi/poi/3.7/poi-3.7.jar:/Users/oasiste/.m2/repository/org/apache/poi/poi-ooxml-schemas/3.7/poi-ooxml-schemas-3.7.jar:/Users/oasiste/.m2/repository/org/apache/geronimo/specs/geronimo-stax-api_1.0_spec/1.0/geronimo-stax-api_1.0_spec-1.0.jar:/Users/oasiste/.m2/repository/dom4j/dom4j/1.6.1/dom4j-1.6.1.jar:/Users/oasiste/.m2/repository/org/codehaus/jackson/jackson-core-lgpl/1.7.4/jackson-core-lgpl-1.7.4.jar:/Users/oasiste/.m2/repository/org/codehaus/jackson/jackson-mapper-lgpl/1.7.4/jackson-mapper-lgpl-1.7.4.jar:/Users/oasiste/.m2/repository/org/apache/axis/axis/1.4/axis-1.4.jar:/Users/oasiste/.m2/repository/br/com/usicamp/nfe/retInutNFe/1.0/retInutNFe-1.0.jar:/Users/oasiste/.m2/repository/br/com/usicamp/nfe/procNFe/1.0/procNFe-1.0.jar:/Users/oasiste/.m2/repository/br/com/usicamp/nfe/retEnviNFe/1.0/retEnviNFe-1.0.jar:/Users/oasiste/.m2/repository/br/com/usicamp/nfe/retCancNFe/1.0/retCancNFe-1.0.jar:/Users/oasiste/.m2/repository/br/com/usicamp/nfe/cancNFe/1.0/cancNFe-1.0.jar:/Users/oasiste/.m2/repository/br/com/usicamp/nfe/retConReciNFe/1.0/retConReciNFe-1.0.jar:/Users/oasiste/.m2/repository/br/com/usicamp/nfe/retEnvEvento/1.0/retEnvEvento-1.0.jar:/Users/oasiste/.m2/repository/br/com/oasystem/nfe/retEnvEventoCancNFe/1.0/retEnvEventoCancNFe-1.0.jar:/Users/oasiste/.m2/repository/br/com/oasystem/nfe/procEventoCancNFe/1.0/procEventoCancNFe-1.0.jar:/Users/oasiste/.m2/repository/com/oas/nfe/consReciNFe/1.0/consReciNFe-1.0.jar:/Users/oasiste/.m2/repository/com/oas/nfe/enviNFe/1.0/enviNFe-1.0.jar:/Users/oasiste/.m2/repository/br/com/usicamp/nfe/inutNFe/1.0/inutNFe-1.0.jar:/Users/oasiste/.m2/repository/br/com/usicamp/nfe/cce/1.0/cce-1.0.jar:/Users/oasiste/.m2/repository/br/com/usicamp/nfe/envcce/1.0/envcce-1.0.jar:/Users/oasiste/.m2/repository/br/com/usicamp/saxon8-dom/8.0/saxon8-dom-8.0.jar:/Users/oasiste/.m2/repository/net/sourceforge/barbecue/barbecue/1.5-beta1/barbecue-1.5-beta1.jar:/Users/oasiste/.m2/repository/net/sf/saxon/saxon/7.9.1/saxon-7.9.1.jar:/Users/oasiste/.m2/repository/junit/junit/4.10/junit-4.10.jar:/Users/oasiste/.m2/repository/org/hamcrest/hamcrest-core/1.1/hamcrest-core-1.1.jar:/Users/oasiste/.m2/repository/br/com/usicamp/nfe/core/02.00.00-14/core-02.00.00-14.jar:/Users/oasiste/.m2/repository/commons-discovery/commons-discovery/0.2/commons-discovery-0.2.jar:/Users/oasiste/.m2/repository/axis/axis-wsdl4j/1.2-RC1/axis-wsdl4j-1.2-RC1.jar:"/>
    <property name="java.specification.name" value="Java Platform API Specification"/>
    <property name="java.class.version" value="50.0"/>
    <property name="sun.management.compiler" value="HotSpot 64-Bit Tiered Compilers"/>
    <property name="os.version" value="10.8.2"/>
    <property name="http.nonProxyHosts" value="local|*.local|169.254/16|*.169.254/16"/>
    <property name="user.home" value="/Users/oasiste"/>
    <property name="user.timezone" value=""/>
    <property name="java.awt.printerjob" value="apple.awt.CPrinterJob"/>
    <property name="java.specification.version" value="1.6"/>
    <property name="file.encoding" value="MacRoman"/>
    <property name="user.name" value="oasiste"/>
    <property name="java.class.path" value="/Users/oasiste/Documents/workspace/NFeWebService/target/test-classes:/Users/oasiste/Documents/workspace/NFeWebService/target/classes:/Users/oasiste/.m2/repository/javax/xml/jaxrpc-api/1.1/jaxrpc-api-1.1.jar:/Users/oasiste/.m2/repository/org/apache/xmlbeans/xmlbeans-xpath/2.3.0/xmlbeans-xpath-2.3.0.jar:/Users/oasiste/.m2/repository/org/apache/xmlbeans/xmlbeans/2.3.0/xmlbeans-2.3.0.jar:/Users/oasiste/.m2/repository/stax/stax-api/1.0.1/stax-api-1.0.1.jar:/Users/oasiste/.m2/repository/net/sf/jasperreports/jasperreports/4.5.1/jasperreports-4.5.1.jar:/Users/oasiste/.m2/repository/commons-beanutils/commons-beanutils/1.8.0/commons-beanutils-1.8.0.jar:/Users/oasiste/.m2/repository/commons-collections/commons-collections/2.1/commons-collections-2.1.jar:/Users/oasiste/.m2/repository/commons-digester/commons-digester/2.1/commons-digester-2.1.jar:/Users/oasiste/.m2/repository/commons-logging/commons-logging/1.1.1/commons-logging-1.1.1.jar:/Users/oasiste/.m2/repository/com/lowagie/itext/2.1.7/itext-2.1.7.jar:/Users/oasiste/.m2/repository/bouncycastle/bcmail-jdk14/138/bcmail-jdk14-138.jar:/Users/oasiste/.m2/repository/bouncycastle/bcprov-jdk14/138/bcprov-jdk14-138.jar:/Users/oasiste/.m2/repository/org/bouncycastle/bctsp-jdk14/1.38/bctsp-jdk14-1.38.jar:/Users/oasiste/.m2/repository/org/bouncycastle/bcprov-jdk14/1.38/bcprov-jdk14-1.38.jar:/Users/oasiste/.m2/repository/org/bouncycastle/bcmail-jdk14/1.38/bcmail-jdk14-1.38.jar:/Users/oasiste/.m2/repository/jfree/jcommon/1.0.15/jcommon-1.0.15.jar:/Users/oasiste/.m2/repository/jfree/jfreechart/1.0.12/jfreechart-1.0.12.jar:/Users/oasiste/.m2/repository/xml-apis/xml-apis/1.3.02/xml-apis-1.3.02.jar:/Users/oasiste/.m2/repository/eclipse/jdtcore/3.1.0/jdtcore-3.1.0.jar:/Users/oasiste/.m2/repository/org/codehaus/castor/castor/1.2/castor-1.2.jar:/Users/oasiste/.m2/repository/org/apache/poi/poi-ooxml/3.7/poi-ooxml-3.7.jar:/Users/oasiste/.m2/repository/org/apache/poi/poi/3.7/poi-3.7.jar:/Users/oasiste/.m2/repository/org/apache/poi/poi-ooxml-schemas/3.7/poi-ooxml-schemas-3.7.jar:/Users/oasiste/.m2/repository/org/apache/geronimo/specs/geronimo-stax-api_1.0_spec/1.0/geronimo-stax-api_1.0_spec-1.0.jar:/Users/oasiste/.m2/repository/dom4j/dom4j/1.6.1/dom4j-1.6.1.jar:/Users/oasiste/.m2/repository/org/codehaus/jackson/jackson-core-lgpl/1.7.4/jackson-core-lgpl-1.7.4.jar:/Users/oasiste/.m2/repository/org/codehaus/jackson/jackson-mapper-lgpl/1.7.4/jackson-mapper-lgpl-1.7.4.jar:/Users/oasiste/.m2/repository/org/apache/axis/axis/1.4/axis-1.4.jar:/Users/oasiste/.m2/repository/br/com/usicamp/nfe/retInutNFe/1.0/retInutNFe-1.0.jar:/Users/oasiste/.m2/repository/br/com/usicamp/nfe/procNFe/1.0/procNFe-1.0.jar:/Users/oasiste/.m2/repository/br/com/usicamp/nfe/retEnviNFe/1.0/retEnviNFe-1.0.jar:/Users/oasiste/.m2/repository/br/com/usicamp/nfe/retCancNFe/1.0/retCancNFe-1.0.jar:/Users/oasiste/.m2/repository/br/com/usicamp/nfe/cancNFe/1.0/cancNFe-1.0.jar:/Users/oasiste/.m2/repository/br/com/usicamp/nfe/retConReciNFe/1.0/retConReciNFe-1.0.jar:/Users/oasiste/.m2/repository/br/com/usicamp/nfe/retEnvEvento/1.0/retEnvEvento-1.0.jar:/Users/oasiste/.m2/repository/br/com/oasystem/nfe/retEnvEventoCancNFe/1.0/retEnvEventoCancNFe-1.0.jar:/Users/oasiste/.m2/repository/br/com/oasystem/nfe/procEventoCancNFe/1.0/procEventoCancNFe-1.0.jar:/Users/oasiste/.m2/repository/com/oas/nfe/consReciNFe/1.0/consReciNFe-1.0.jar:/Users/oasiste/.m2/repository/com/oas/nfe/enviNFe/1.0/enviNFe-1.0.jar:/Users/oasiste/.m2/repository/br/com/usicamp/nfe/inutNFe/1.0/inutNFe-1.0.jar:/Users/oasiste/.m2/repository/br/com/usicamp/nfe/cce/1.0/cce-1.0.jar:/Users/oasiste/.m2/repository/br/com/usicamp/nfe/envcce/1.0/envcce-1.0.jar:/Users/oasiste/.m2/repository/br/com/usicamp/saxon8-dom/8.0/saxon8-dom-8.0.jar:/Users/oasiste/.m2/repository/net/sourceforge/barbecue/barbecue/1.5-beta1/barbecue-1.5-beta1.jar:/Users/oasiste/.m2/repository/net/sf/saxon/saxon/7.9.1/saxon-7.9.1.jar:/Users/oasiste/.m2/repository/junit/junit/4.10/junit-4.10.jar:/Users/oasiste/.m2/repository/org/hamcrest/hamcrest-core/1.1/hamcrest-core-1.1.jar:/Users/oasiste/.m2/repository/br/com/usicamp/nfe/core/02.00.00-14/core-02.00.00-14.jar:/Users/oasiste/.m2/repository/commons-discovery/commons-discovery/0.2/commons-discovery-0.2.jar:/Users/oasiste/.m2/repository/axis/axis-wsdl4j/1.2-RC1/axis-wsdl4j-1.2-RC1.jar:"/>
    <property name="java.vm.specification.version" value="1.0"/>
    <property name="sun.arch.data.model" value="64"/>
    <property name="java.home" value="/System/Library/Java/JavaVirtualMachines/1.6.0.jdk/Contents/Home"/>
    <property name="sun.java.command" value="/Users/oasiste/Documents/workspace/NFeWebService/target/surefire/surefirebooter7367107716105645571.jar /Users/oasiste/Documents/workspace/NFeWebService/target/surefire/surefire9018435435607269366tmp /Users/oasiste/Documents/workspace/NFeWebService/target/surefire/surefire1237494147298420015tmp"/>
    <property name="java.specification.vendor" value="Sun Microsystems Inc."/>
    <property name="user.language" value="en"/>
    <property name="awt.toolkit" value="apple.awt.CToolkit"/>
    <property name="java.vm.info" value="mixed mode"/>
    <property name="java.version" value="1.6.0_35"/>
    <property name="java.ext.dirs" value="/Library/Java/Extensions:/System/Library/Java/Extensions:/System/Library/Java/JavaVirtualMachines/1.6.0.jdk/Contents/Home/lib/ext"/>
    <property name="sun.boot.class.path" value="/System/Library/Java/JavaVirtualMachines/1.6.0.jdk/Contents/Classes/jsfd.jar:/System/Library/Java/JavaVirtualMachines/1.6.0.jdk/Contents/Classes/classes.jar:/System/Library/Frameworks/JavaVM.framework/Frameworks/JavaRuntimeSupport.framework/Resources/Java/JavaRuntimeSupport.jar:/System/Library/Java/JavaVirtualMachines/1.6.0.jdk/Contents/Classes/ui.jar:/System/Library/Java/JavaVirtualMachines/1.6.0.jdk/Contents/Classes/laf.jar:/System/Library/Java/JavaVirtualMachines/1.6.0.jdk/Contents/Classes/sunrsasign.jar:/System/Library/Java/JavaVirtualMachines/1.6.0.jdk/Contents/Classes/jsse.jar:/System/Library/Java/JavaVirtualMachines/1.6.0.jdk/Contents/Classes/jce.jar:/System/Library/Java/JavaVirtualMachines/1.6.0.jdk/Contents/Classes/charsets.jar"/>
    <property name="java.vendor" value="Apple Inc."/>
    <property name="localRepository" value="/Users/oasiste/.m2/repository"/>
    <property name="file.separator" value="/"/>
    <property name="java.vendor.url.bug" value="http://bugreport.apple.com/"/>
    <property name="sun.cpu.endian" value="little"/>
    <property name="sun.io.unicode.encoding" value="UnicodeLittle"/>
    <property name="mrj.version" value="1070.1.6.0_35-428"/>
    <property name="socksNonProxyHosts" value="local|*.local|169.254/16|*.169.254/16"/>
    <property name="ftp.nonProxyHosts" value="local|*.local|169.254/16|*.169.254/16"/>
    <property name="sun.cpu.isalist" value=""/>
  </properties>
  <testcase time="0.001" classname="br.com.usicamp.nfe.webservice.AppTest" name="testApp"/>
</testsuite>